<?xml version="1.0" encoding="UTF-8"?>
<testsuite name="com.audition.integration.AuditionIntegrationClientTest" tests="8" skipped="0" failures="0" errors="0" timestamp="2024-04-26T06:16:15" hostname="DESKTOP-U493J35" time="4.241">
  <properties/>
  <testcase name="testGetCommentsByPostId_HttpClientErrorException()" classname="com.audition.integration.AuditionIntegrationClientTest" time="4.137"/>
  <testcase name="testGetPosts_Success()" classname="com.audition.integration.AuditionIntegrationClientTest" time="0.02"/>
  <testcase name="testGetPostById_Success()" classname="com.audition.integration.AuditionIntegrationClientTest" time="0.01"/>
  <testcase name="testGetCommentsForPost_Success()" classname="com.audition.integration.AuditionIntegrationClientTest" time="0.018"/>
  <testcase name="testGetPosts_HttpClientErrorException()" classname="com.audition.integration.AuditionIntegrationClientTest" time="0.007"/>
  <testcase name="testGetCommentsForPost_HttpClientErrorException()" classname="com.audition.integration.AuditionIntegrationClientTest" time="0.006"/>
  <testcase name="testGetCommentsByPostId_Success()" classname="com.audition.integration.AuditionIntegrationClientTest" time="0.009"/>
  <testcase name="testGetPostById_HttpClientErrorException_NotFound()" classname="com.audition.integration.AuditionIntegrationClientTest" time="0.008"/>
  <system-out><![CDATA[]]></system-out>
  <system-err><![CDATA[]]></system-err>
</testsuite>
